<?xml version="1.0" encoding="UTF-8"?>
<!-- Generated by org.testng.reporters.JUnitXMLReporter -->
<testsuite ignored="6" hostname="LTIN484790" failures="0" tests="9" name="Test2" time="0.035" errors="0" timestamp="2024-02-27T23:52:04 IST">
  <testcase classname="testCases.SearchDoctors" name="validateLogo" time="0.001">
    <skipped/>
  </testcase> <!-- validateLogo -->
  <testcase classname="testCases.SearchDoctors" name="validateTitle" time="0.0">
    <skipped/>
  </testcase> <!-- validateTitle -->
  <testcase classname="testCases.SearchDoctors" name="validateSpeciality" time="0.0">
    <skipped/>
  </testcase> <!-- validateSpeciality -->
  <testcase classname="testCases.ListingReqDoctors" name="validateFilters" time="0.0">
    <skipped/>
  </testcase> <!-- validateFilters -->
  <testcase classname="testCases.ListingReqDoctors" name="getDetails" time="0.0">
    <skipped/>
  </testcase> <!-- getDetails -->
  <testcase classname="testCases.ListingSurgeries" name="verifySurgeryPage" time="0.0">
    <skipped/>
  </testcase> <!-- verifySurgeryPage -->
  <testcase classname="testCases.ListingSurgeries" name="availableSurgeries" time="0.0">
    <skipped/>
  </testcase> <!-- availableSurgeries -->
  <testcase classname="testCases.CorporateForm" name="verifyFormPage" time="0.0">
    <skipped/>
  </testcase> <!-- verifyFormPage -->
  <testcase classname="testCases.CorporateForm" name="validateForm" time="0.0">
    <skipped/>
  </testcase> <!-- validateForm -->
  <testcase classname="baseClasses.BaseClass" name="@AfterTest tearDown" time="0.0">
    <ignored/>
  </testcase> <!-- @AfterTest tearDown -->
  <testcase classname="baseClasses.BaseClass" name="@BeforeTest setup" time="0.0">
    <ignored/>
  </testcase> <!-- @BeforeTest setup -->
  <testcase classname="baseClasses.BaseClass" name="@AfterTest tearDown" time="0.0">
    <ignored/>
  </testcase> <!-- @AfterTest tearDown -->
  <testcase classname="baseClasses.BaseClass" name="@BeforeTest setup" time="0.0">
    <ignored/>
  </testcase> <!-- @BeforeTest setup -->
  <testcase classname="baseClasses.BaseClass" name="@BeforeTest setup" time="0.0">
    <ignored/>
  </testcase> <!-- @BeforeTest setup -->
  <testcase classname="baseClasses.BaseClass" name="@AfterTest tearDown" time="0.0">
    <ignored/>
  </testcase> <!-- @AfterTest tearDown -->
</testsuite> <!-- Test2 -->
