<?xml version="1.0" encoding="UTF-8"?>
<!-- Generated by org.testng.reporters.JUnitXMLReporter -->
<testsuite ignored="8" hostname="LTIN484790" failures="0" tests="9" name="Test" time="46.881" errors="0" timestamp="2024-02-26T17:54:04 IST">
  <testcase classname="testCases.SearchDoctors" name="validateLogo" time="0.064"/>
  <testcase classname="testCases.SearchDoctors" name="validateTitle" time="0.005"/>
  <testcase classname="testCases.SearchDoctors" name="validateSpeciality" time="3.456"/>
  <testcase classname="testCases.ListingReqDoctors" name="validateFilters" time="8.413"/>
  <testcase classname="testCases.ListingReqDoctors" name="getDetails" time="1.084"/>
  <testcase classname="testCases.ListingSurgeries" name="verifySurgeryPage" time="1.327"/>
  <testcase classname="testCases.ListingSurgeries" name="availableSurgeries" time="1.578"/>
  <testcase classname="testCases.CorporateForm" name="verifyFormPage" time="10.526"/>
  <testcase classname="testCases.CorporateForm" name="validateForm" time="12.059"/>
  <testcase classname="baseClasses.BaseClass" name="@AfterTest tearDown" time="0.0">
    <ignored/>
  </testcase> <!-- @AfterTest tearDown -->
  <testcase classname="baseClasses.BaseClass" name="@BeforeTest setup" time="0.0">
    <ignored/>
  </testcase> <!-- @BeforeTest setup -->
  <testcase classname="baseClasses.BaseClass" name="@BeforeTest setup" time="0.0">
    <ignored/>
  </testcase> <!-- @BeforeTest setup -->
  <testcase classname="baseClasses.BaseClass" name="@AfterTest tearDown" time="0.0">
    <ignored/>
  </testcase> <!-- @AfterTest tearDown -->
  <testcase classname="baseClasses.BaseClass" name="@BeforeTest setup" time="0.0">
    <ignored/>
  </testcase> <!-- @BeforeTest setup -->
  <testcase classname="baseClasses.BaseClass" name="@BeforeTest setup" time="0.0">
    <ignored/>
  </testcase> <!-- @BeforeTest setup -->
  <testcase classname="baseClasses.BaseClass" name="@AfterTest tearDown" time="0.0">
    <ignored/>
  </testcase> <!-- @AfterTest tearDown -->
  <testcase classname="baseClasses.BaseClass" name="@AfterTest tearDown" time="0.0">
    <ignored/>
  </testcase> <!-- @AfterTest tearDown -->
</testsuite> <!-- Test -->
