<?xml version="1.0" encoding="UTF-8"?>
<!-- Generated by org.testng.reporters.JUnitXMLReporter -->
<testsuite ignored="8" hostname="LTIN484790" failures="0" tests="9" name="Test" time="50.973" errors="0" timestamp="2024-02-26T17:30:41 IST">
  <testcase classname="testCases.SearchDoctors" name="validateLogo" time="0.058"/>
  <testcase classname="testCases.SearchDoctors" name="validateTitle" time="0.198"/>
  <testcase classname="testCases.SearchDoctors" name="validateSpeciality" time="3.276"/>
  <testcase classname="testCases.ListingReqDoctors" name="validateFilters" time="9.166"/>
  <testcase classname="testCases.ListingReqDoctors" name="getDetails" time="2.059"/>
  <testcase classname="testCases.ListingSurgeries" name="verifySurgeryPage" time="0.815"/>
  <testcase classname="testCases.ListingSurgeries" name="availableSurgeries" time="1.952"/>
  <testcase classname="testCases.CorporateForm" name="verifyFormPage" time="4.083"/>
  <testcase classname="testCases.CorporateForm" name="validateForm" time="18.315"/>
  <testcase classname="baseClasses.BaseClass" name="@AfterTest tearDown" time="0.0">
    <ignored/>
  </testcase> <!-- @AfterTest tearDown -->
  <testcase classname="baseClasses.BaseClass" name="@BeforeTest setup" time="0.0">
    <ignored/>
  </testcase> <!-- @BeforeTest setup -->
  <testcase classname="baseClasses.BaseClass" name="@BeforeTest setup" time="0.0">
    <ignored/>
  </testcase> <!-- @BeforeTest setup -->
  <testcase classname="baseClasses.BaseClass" name="@BeforeTest setup" time="0.0">
    <ignored/>
  </testcase> <!-- @BeforeTest setup -->
  <testcase classname="baseClasses.BaseClass" name="@AfterTest tearDown" time="0.0">
    <ignored/>
  </testcase> <!-- @AfterTest tearDown -->
  <testcase classname="baseClasses.BaseClass" name="@AfterTest tearDown" time="0.0">
    <ignored/>
  </testcase> <!-- @AfterTest tearDown -->
  <testcase classname="baseClasses.BaseClass" name="@AfterTest tearDown" time="0.0">
    <ignored/>
  </testcase> <!-- @AfterTest tearDown -->
  <testcase classname="baseClasses.BaseClass" name="@BeforeTest setup" time="0.0">
    <ignored/>
  </testcase> <!-- @BeforeTest setup -->
</testsuite> <!-- Test -->
