<?xml version="1.0" encoding="UTF-8"?>
<testng-results ignored="0" total="9" passed="9" failed="0" skipped="0">
  <reporter-output>
  </reporter-output>
  <suite started-at="2024-02-26T17:53:17 IST" name="Suite" finished-at="2024-02-26T17:54:04 IST" duration-ms="46881">
    <groups>
      <group name="smoke">
        <method signature="SearchDoctors.validateLogo()[pri:1, instance:testCases.SearchDoctors@bccb269]" name="validateLogo" class="testCases.SearchDoctors"/>
        <method signature="SearchDoctors.validateTitle()[pri:2, instance:testCases.SearchDoctors@bccb269]" name="validateTitle" class="testCases.SearchDoctors"/>
      </group> <!-- smoke -->
    </groups>
    <test started-at="2024-02-26T17:53:17 IST" name="Test" finished-at="2024-02-26T17:54:04 IST" duration-ms="46881">
      <class name="baseClasses.BaseClass">
        <test-method is-config="true" signature="setup(java.lang.String)[pri:0, instance:baseClasses.BaseClass@6c40365c]" started-at="2024-02-26T17:53:17 IST" name="setup" finished-at="2024-02-26T17:53:23 IST" duration-ms="5340" status="PASS">
          <params>
            <param index="0">
              <value>
                <![CDATA[chrome]]>
              </value>
            </param>
          </params>
          <reporter-output>
          </reporter-output>
        </test-method> <!-- setup -->
        <test-method is-config="true" signature="tearDown()[pri:0, instance:baseClasses.BaseClass@6c40365c]" started-at="2024-02-26T17:54:03 IST" name="tearDown" finished-at="2024-02-26T17:54:04 IST" duration-ms="1107" status="PASS">
          <reporter-output>
          </reporter-output>
        </test-method> <!-- tearDown -->
      </class> <!-- baseClasses.BaseClass -->
      <class name="testCases.ListingSurgeries">
        <test-method signature="verifySurgeryPage()[pri:1, instance:testCases.ListingSurgeries@17f7cd29]" started-at="2024-02-26T17:53:36 IST" name="verifySurgeryPage" finished-at="2024-02-26T17:53:38 IST" duration-ms="1327" status="PASS">
          <reporter-output>
          </reporter-output>
        </test-method> <!-- verifySurgeryPage -->
        <test-method signature="availableSurgeries()[pri:2, instance:testCases.ListingSurgeries@17f7cd29]" started-at="2024-02-26T17:53:38 IST" name="availableSurgeries" finished-at="2024-02-26T17:53:40 IST" duration-ms="1578" status="PASS">
          <reporter-output>
          </reporter-output>
        </test-method> <!-- availableSurgeries -->
      </class> <!-- testCases.ListingSurgeries -->
      <class name="testCases.SearchDoctors">
        <test-method signature="validateLogo()[pri:1, instance:testCases.SearchDoctors@bccb269]" started-at="2024-02-26T17:53:23 IST" name="validateLogo" finished-at="2024-02-26T17:53:23 IST" duration-ms="64" status="PASS">
          <reporter-output>
          </reporter-output>
        </test-method> <!-- validateLogo -->
        <test-method signature="validateTitle()[pri:2, instance:testCases.SearchDoctors@bccb269]" started-at="2024-02-26T17:53:23 IST" name="validateTitle" finished-at="2024-02-26T17:53:23 IST" duration-ms="5" status="PASS">
          <reporter-output>
          </reporter-output>
        </test-method> <!-- validateTitle -->
        <test-method signature="validateSpeciality()[pri:3, instance:testCases.SearchDoctors@bccb269]" started-at="2024-02-26T17:53:23 IST" name="validateSpeciality" finished-at="2024-02-26T17:53:26 IST" duration-ms="3456" status="PASS">
          <reporter-output>
          </reporter-output>
        </test-method> <!-- validateSpeciality -->
      </class> <!-- testCases.SearchDoctors -->
      <class name="testCases.CorporateForm">
        <test-method signature="verifyFormPage()[pri:1, instance:testCases.CorporateForm@7d8704ef]" started-at="2024-02-26T17:53:40 IST" name="verifyFormPage" finished-at="2024-02-26T17:53:50 IST" duration-ms="10526" status="PASS">
          <reporter-output>
          </reporter-output>
        </test-method> <!-- verifyFormPage -->
        <test-method signature="validateForm()[pri:6, instance:testCases.CorporateForm@7d8704ef]" started-at="2024-02-26T17:53:50 IST" name="validateForm" finished-at="2024-02-26T17:54:03 IST" duration-ms="12059" status="PASS">
          <reporter-output>
          </reporter-output>
        </test-method> <!-- validateForm -->
      </class> <!-- testCases.CorporateForm -->
      <class name="testCases.ListingReqDoctors">
        <test-method signature="validateFilters()[pri:1, instance:testCases.ListingReqDoctors@609cd4d8]" started-at="2024-02-26T17:53:27 IST" name="validateFilters" finished-at="2024-02-26T17:53:35 IST" duration-ms="8413" status="PASS">
          <reporter-output>
          </reporter-output>
        </test-method> <!-- validateFilters -->
        <test-method signature="getDetails()[pri:2, instance:testCases.ListingReqDoctors@609cd4d8]" started-at="2024-02-26T17:53:35 IST" name="getDetails" finished-at="2024-02-26T17:53:36 IST" duration-ms="1084" status="PASS">
          <reporter-output>
          </reporter-output>
        </test-method> <!-- getDetails -->
      </class> <!-- testCases.ListingReqDoctors -->
    </test> <!-- Test -->
  </suite> <!-- Suite -->
</testng-results>
